<?xml version="1.0" encoding="UTF-8"?>
<testsuite name="tourGuide.TestRewardsService" tests="3" skipped="1" failures="0" errors="0" timestamp="2022-09-22T07:38:02" hostname="PF" time="1.169">
  <properties/>
  <testcase name="nearAllAttractions" classname="tourGuide.TestRewardsService" time="0.0">
    <skipped/>
  </testcase>
  <testcase name="userGetRewards" classname="tourGuide.TestRewardsService" time="1.155"/>
  <testcase name="isWithinAttractionProximity" classname="tourGuide.TestRewardsService" time="0.011"/>
  <system-out><![CDATA[09:38:02.737 [Test worker] INFO tourGuide.service.TourGuideService - TestMode enabled
09:38:02.745 [Test worker] DEBUG tourGuide.service.TourGuideService - Initializing users
09:38:02.747 [Test worker] DEBUG tourGuide.service.TourGuideService - Created 0 internal test users.
09:38:02.748 [Test worker] DEBUG tourGuide.service.TourGuideService - Finished initializing users
09:38:02.762 [pool-1-thread-1] DEBUG tourGuide.tracker.Tracker - Begin Tracker. Tracking 0 users.
09:38:02.769 [pool-1-thread-1] DEBUG tourGuide.tracker.Tracker - Tracker Time Elapsed: 0 seconds.
09:38:02.772 [pool-1-thread-1] DEBUG tourGuide.tracker.Tracker - Tracker sleeping
]]></system-out>
  <system-err><![CDATA[Sep 22, 2022 9:38:02 AM org.javamoney.moneta.DefaultMonetaryContextFactory createMonetaryContextNonNullConfig
INFO: Using custom MathContext: precision=256, roundingMode=HALF_EVEN
]]></system-err>
</testsuite>
