<?xml version="1.0" encoding="UTF-8"?>
<testsuite name="tourGuide.TestTourGuideService" tests="5" skipped="1" failures="0" errors="0" timestamp="2022-09-22T07:38:03" hostname="PF" time="0.194">
  <properties/>
  <testcase name="getUserLocation" classname="tourGuide.TestTourGuideService" time="0.093"/>
  <testcase name="addUser" classname="tourGuide.TestTourGuideService" time="0.002"/>
  <testcase name="getAllUsers" classname="tourGuide.TestTourGuideService" time="0.003"/>
  <testcase name="trackUser" classname="tourGuide.TestTourGuideService" time="0.096"/>
  <testcase name="getNearbyAttractions" classname="tourGuide.TestTourGuideService" time="0.0">
    <skipped/>
  </testcase>
  <system-out><![CDATA[09:38:03.723 [Test worker] INFO tourGuide.service.TourGuideService - TestMode enabled
09:38:03.723 [Test worker] DEBUG tourGuide.service.TourGuideService - Initializing users
09:38:03.724 [Test worker] DEBUG tourGuide.service.TourGuideService - Created 0 internal test users.
09:38:03.724 [Test worker] DEBUG tourGuide.service.TourGuideService - Finished initializing users
09:38:03.724 [pool-2-thread-1] DEBUG tourGuide.tracker.Tracker - Begin Tracker. Tracking 0 users.
09:38:03.725 [pool-2-thread-1] DEBUG tourGuide.tracker.Tracker - Tracker Time Elapsed: 0 seconds.
09:38:03.725 [pool-2-thread-1] DEBUG tourGuide.tracker.Tracker - Tracker sleeping
09:38:03.816 [Test worker] INFO tourGuide.service.TourGuideService - TestMode enabled
09:38:03.817 [Test worker] DEBUG tourGuide.service.TourGuideService - Initializing users
09:38:03.817 [Test worker] DEBUG tourGuide.service.TourGuideService - Created 0 internal test users.
09:38:03.817 [Test worker] DEBUG tourGuide.service.TourGuideService - Finished initializing users
09:38:03.818 [pool-3-thread-1] DEBUG tourGuide.tracker.Tracker - Begin Tracker. Tracking 0 users.
09:38:03.818 [pool-3-thread-1] DEBUG tourGuide.tracker.Tracker - Tracker Time Elapsed: 0 seconds.
09:38:03.818 [pool-3-thread-1] DEBUG tourGuide.tracker.Tracker - Tracker sleeping
09:38:03.818 [Test worker] INFO tourGuide.service.TourGuideService - TestMode enabled
09:38:03.819 [Test worker] DEBUG tourGuide.service.TourGuideService - Initializing users
09:38:03.819 [Test worker] DEBUG tourGuide.service.TourGuideService - Created 0 internal test users.
09:38:03.820 [Test worker] DEBUG tourGuide.service.TourGuideService - Finished initializing users
09:38:03.821 [pool-4-thread-1] DEBUG tourGuide.tracker.Tracker - Begin Tracker. Tracking 0 users.
09:38:03.821 [pool-4-thread-1] DEBUG tourGuide.tracker.Tracker - Tracker Time Elapsed: 0 seconds.
09:38:03.822 [pool-4-thread-1] DEBUG tourGuide.tracker.Tracker - Tracker sleeping
09:38:03.822 [Test worker] INFO tourGuide.service.TourGuideService - TestMode enabled
09:38:03.822 [Test worker] DEBUG tourGuide.service.TourGuideService - Initializing users
09:38:03.823 [Test worker] DEBUG tourGuide.service.TourGuideService - Created 0 internal test users.
09:38:03.823 [Test worker] DEBUG tourGuide.service.TourGuideService - Finished initializing users
09:38:03.824 [pool-5-thread-1] DEBUG tourGuide.tracker.Tracker - Begin Tracker. Tracking 0 users.
09:38:03.824 [pool-5-thread-1] DEBUG tourGuide.tracker.Tracker - Tracker Time Elapsed: 0 seconds.
09:38:03.824 [pool-5-thread-1] DEBUG tourGuide.tracker.Tracker - Tracker sleeping
]]></system-out>
  <system-err><![CDATA[]]></system-err>
</testsuite>
